<?xml version="1.0" encoding="UTF-8"?>
<!-- Generated by org.testng.reporters.JUnitXMLReporter -->
<testsuite ignored="0" hostname="QT-INBG-LT0735" failures="0" tests="16" name="Surefire test" time="27.094" errors="0" timestamp="2023-08-21T15:08:16 IST">
  <testcase classname="api.test.DDTests" name="test_post_user" time="3.342"/>
  <testcase classname="api.test.DDTests" name="test_post_user" time="1.464"/>
  <testcase classname="api.test.DDTests" name="test_post_user" time="1.335"/>
  <testcase classname="api.test.DDTests" name="test_post_user" time="1.314"/>
  <testcase classname="api.test.DDTests" name="test_post_user" time="1.305"/>
  <testcase classname="api.test.DDTests" name="test_post_user" time="1.328"/>
  <testcase classname="api.test.DDTests" name="test_get_user" time="1.29"/>
  <testcase classname="api.test.DDTests" name="test_get_user" time="1.313"/>
  <testcase classname="api.test.DDTests" name="test_get_user" time="1.242"/>
  <testcase classname="api.test.DDTests" name="test_get_user" time="1.257"/>
  <testcase classname="api.test.DDTests" name="test_get_user" time="1.297"/>
  <testcase classname="api.test.DDTests" name="test_get_user" time="1.251"/>
  <testcase classname="api.test.UserTests" name="test_post_user" time="1.272"/>
  <testcase classname="api.test.UserTests" name="test_get_user" time="1.24"/>
  <testcase classname="api.test.UserTests" name="test_update_user" time="2.646"/>
  <testcase classname="api.test.UserTests" name="test_delete_user" time="1.326"/>
</testsuite> <!-- Surefire test -->
