<?xml version="1.0" encoding="UTF-8"?>
<!-- Generated by org.testng.reporters.JUnitXMLReporter -->
<testsuite ignored="0" hostname="QT-INBG-LT0735" failures="0" tests="4" name="Test" time="9.525" errors="0" timestamp="2023-08-21T14:59:20 IST">
  <testcase classname="api.test.UserTests" name="test_post_user" time="3.254"/>
  <testcase classname="api.test.UserTests" name="test_get_user" time="1.312"/>
  <testcase classname="api.test.UserTests" name="test_update_user" time="2.571"/>
  <testcase classname="api.test.UserTests" name="test_delete_user" time="1.289"/>
</testsuite> <!-- Test -->
