<?xml version="1.0" encoding="UTF-8"?>
<testsuite xmlns:xsi="http://www.w3.org/2001/XMLSchema-instance" xsi:noNamespaceSchemaLocation="https://maven.apache.org/surefire/maven-surefire-plugin/xsd/surefire-test-report-3.0.xsd" version="3.0" name="TestSuite" time="28.687" tests="16" errors="0" skipped="0" failures="0">
  <properties>
[...]
</properties>
  <testcase name="test_post_user[1010, John@23, John, Karter, john@123gmail.com, Jo1234, 123456](1)" classname="api.test.DDTests" time="3.346">
    <system-out><![CDATA[HTTP/1.1 200 OK
Date: Mon, 21 Aug 2023 09:37:55 GMT
Content-Type: application/json
Transfer-Encoding: chunked
Connection: keep-alive
Access-Control-Allow-Origin: *
Access-Control-Allow-Methods: GET, POST, DELETE, PUT
Access-Control-Allow-Headers: Content-Type, api_key, Authorization
Server: Jetty(9.2.9.v20150224)

{
    "code": 200,
    "type": "unknown",
    "message": "1010"
}
]]></system-out>
    <system-err><![CDATA[SLF4J: Failed to load class "org.slf4j.impl.StaticLoggerBinder".
SLF4J: Defaulting to no-operation (NOP) logger implementation
SLF4J: See http://www.slf4j.org/codes.html#StaticLoggerBinder for further details.
]]></system-err>
  </testcase>
  <testcase name="test_post_user[1011, Smith@23, Steven, Smith, smith@123gmail.com, St1234, 132456](2)" classname="api.test.DDTests" time="1.469">
    <system-out><![CDATA[HTTP/1.1 200 OK
Date: Mon, 21 Aug 2023 09:37:56 GMT
Content-Type: application/json
Transfer-Encoding: chunked
Connection: keep-alive
Access-Control-Allow-Origin: *
Access-Control-Allow-Methods: GET, POST, DELETE, PUT
Access-Control-Allow-Headers: Content-Type, api_key, Authorization
Server: Jetty(9.2.9.v20150224)

{
    "code": 200,
    "type": "unknown",
    "message": "1011"
}
]]></system-out>
  </testcase>
  <testcase name="test_post_user[1012, James@45, James, Pattinson, james@123gmail.com, JA1234, 142356](3)" classname="api.test.DDTests" time="1.324">
    <system-out><![CDATA[HTTP/1.1 200 OK
Date: Mon, 21 Aug 2023 09:37:57 GMT
Content-Type: application/json
Transfer-Encoding: chunked
Connection: keep-alive
Access-Control-Allow-Origin: *
Access-Control-Allow-Methods: GET, POST, DELETE, PUT
Access-Control-Allow-Headers: Content-Type, api_key, Authorization
Server: Jetty(9.2.9.v20150224)

{
    "code": 200,
    "type": "unknown",
    "message": "1012"
}
]]></system-out>
  </testcase>
  <testcase name="test_post_user[1013, Stuart@34, Stuart, Borad, stuart@234gmail.com, SB2233, 143256](4)" classname="api.test.DDTests" time="1.314">
    <system-out><![CDATA[HTTP/1.1 200 OK
Date: Mon, 21 Aug 2023 09:37:59 GMT
Content-Type: application/json
Transfer-Encoding: chunked
Connection: keep-alive
Access-Control-Allow-Origin: *
Access-Control-Allow-Methods: GET, POST, DELETE, PUT
Access-Control-Allow-Headers: Content-Type, api_key, Authorization
Server: Jetty(9.2.9.v20150224)

{
    "code": 200,
    "type": "unknown",
    "message": "1013"
}
]]></system-out>
  </testcase>
  <testcase name="test_post_user[1014, Jimmy@12, Jimmy, Anderson, jimmy@34gmail.com, Jim1234, 165324](5)" classname="api.test.DDTests" time="1.305">
    <system-out><![CDATA[HTTP/1.1 200 OK
Date: Mon, 21 Aug 2023 09:38:00 GMT
Content-Type: application/json
Transfer-Encoding: chunked
Connection: keep-alive
Access-Control-Allow-Origin: *
Access-Control-Allow-Methods: GET, POST, DELETE, PUT
Access-Control-Allow-Headers: Content-Type, api_key, Authorization
Server: Jetty(9.2.9.v20150224)

{
    "code": 200,
    "type": "unknown",
    "message": "1014"
}
]]></system-out>
  </testcase>
  <testcase name="test_post_user[1015, John@27, John, Smith, johnsmith21@gmail.com, Jo9876, 156432](6)" classname="api.test.DDTests" time="1.328">
    <system-out><![CDATA[HTTP/1.1 200 OK
Date: Mon, 21 Aug 2023 09:38:01 GMT
Content-Type: application/json
Transfer-Encoding: chunked
Connection: keep-alive
Access-Control-Allow-Origin: *
Access-Control-Allow-Methods: GET, POST, DELETE, PUT
Access-Control-Allow-Headers: Content-Type, api_key, Authorization
Server: Jetty(9.2.9.v20150224)

{
    "code": 200,
    "type": "unknown",
    "message": "1015"
}
]]></system-out>
  </testcase>
  <testcase name="test_get_user[John@23](1)" classname="api.test.DDTests" time="1.292">
    <system-out><![CDATA[HTTP/1.1 200 OK
Date: Mon, 21 Aug 2023 09:38:03 GMT
Content-Type: application/json
Transfer-Encoding: chunked
Connection: keep-alive
Access-Control-Allow-Origin: *
Access-Control-Allow-Methods: GET, POST, DELETE, PUT
Access-Control-Allow-Headers: Content-Type, api_key, Authorization
Server: Jetty(9.2.9.v20150224)

{
    "id": 1010,
    "username": "John@23",
    "firstName": "John",
    "lastName": "Karter",
    "email": "john@123gmail.com",
    "password": "Jo1234",
    "phone": "123456",
    "userStatus": 0
}
]]></system-out>
  </testcase>
  <testcase name="test_get_user[Smith@23](2)" classname="api.test.DDTests" time="1.312">
    <system-out><![CDATA[HTTP/1.1 200 OK
Date: Mon, 21 Aug 2023 09:38:04 GMT
Content-Type: application/json
Transfer-Encoding: chunked
Connection: keep-alive
Access-Control-Allow-Origin: *
Access-Control-Allow-Methods: GET, POST, DELETE, PUT
Access-Control-Allow-Headers: Content-Type, api_key, Authorization
Server: Jetty(9.2.9.v20150224)

{
    "id": 1011,
    "username": "Smith@23",
    "firstName": "Steven",
    "lastName": "Smith",
    "email": "smith@123gmail.com",
    "password": "St1234",
    "phone": "132456",
    "userStatus": 0
}
]]></system-out>
  </testcase>
  <testcase name="test_get_user[James@45](3)" classname="api.test.DDTests" time="1.231">
    <system-out><![CDATA[HTTP/1.1 200 OK
Date: Mon, 21 Aug 2023 09:38:05 GMT
Content-Type: application/json
Transfer-Encoding: chunked
Connection: keep-alive
Access-Control-Allow-Origin: *
Access-Control-Allow-Methods: GET, POST, DELETE, PUT
Access-Control-Allow-Headers: Content-Type, api_key, Authorization
Server: Jetty(9.2.9.v20150224)

{
    "id": 1012,
    "username": "James@45",
    "firstName": "James",
    "lastName": "Pattinson",
    "email": "james@123gmail.com",
    "password": "JA1234",
    "phone": "142356",
    "userStatus": 0
}
]]></system-out>
  </testcase>
  <testcase name="test_get_user[Stuart@34](4)" classname="api.test.DDTests" time="1.257">
    <system-out><![CDATA[HTTP/1.1 200 OK
Date: Mon, 21 Aug 2023 09:38:07 GMT
Content-Type: application/json
Transfer-Encoding: chunked
Connection: keep-alive
Access-Control-Allow-Origin: *
Access-Control-Allow-Methods: GET, POST, DELETE, PUT
Access-Control-Allow-Headers: Content-Type, api_key, Authorization
Server: Jetty(9.2.9.v20150224)

{
    "id": 1013,
    "username": "Stuart@34",
    "firstName": "Stuart",
    "lastName": "Borad",
    "email": "stuart@234gmail.com",
    "password": "SB2233",
    "phone": "143256",
    "userStatus": 0
}
]]></system-out>
  </testcase>
  <testcase name="test_get_user[Jimmy@12](5)" classname="api.test.DDTests" time="1.286">
    <system-out><![CDATA[HTTP/1.1 200 OK
Date: Mon, 21 Aug 2023 09:38:08 GMT
Content-Type: application/json
Transfer-Encoding: chunked
Connection: keep-alive
Access-Control-Allow-Origin: *
Access-Control-Allow-Methods: GET, POST, DELETE, PUT
Access-Control-Allow-Headers: Content-Type, api_key, Authorization
Server: Jetty(9.2.9.v20150224)

{
    "id": 1014,
    "username": "Jimmy@12",
    "firstName": "Jimmy",
    "lastName": "Anderson",
    "email": "jimmy@34gmail.com",
    "password": "Jim1234",
    "phone": "165324",
    "userStatus": 0
}
]]></system-out>
  </testcase>
  <testcase name="test_get_user[John@27](6)" classname="api.test.DDTests" time="1.25">
    <system-out><![CDATA[HTTP/1.1 200 OK
Date: Mon, 21 Aug 2023 09:38:09 GMT
Content-Type: application/json
Transfer-Encoding: chunked
Connection: keep-alive
Access-Control-Allow-Origin: *
Access-Control-Allow-Methods: GET, POST, DELETE, PUT
Access-Control-Allow-Headers: Content-Type, api_key, Authorization
Server: Jetty(9.2.9.v20150224)

{
    "id": 1015,
    "username": "John@27",
    "firstName": "John",
    "lastName": "Smith",
    "email": "johnsmith21@gmail.com",
    "password": "Jo9876",
    "phone": "156432",
    "userStatus": 0
}
]]></system-out>
  </testcase>
  <testcase name="test_post_user" classname="api.test.UserTests" time="1.273">
    <system-out><![CDATA[HTTP/1.1 200 OK
Date: Mon, 21 Aug 2023 09:38:11 GMT
Content-Type: application/json
Transfer-Encoding: chunked
Connection: keep-alive
Access-Control-Allow-Origin: *
Access-Control-Allow-Methods: GET, POST, DELETE, PUT
Access-Control-Allow-Headers: Content-Type, api_key, Authorization
Server: Jetty(9.2.9.v20150224)

{
    "code": 200,
    "type": "unknown",
    "message": "676089602"
}
]]></system-out>
  </testcase>
  <testcase name="test_get_user" classname="api.test.UserTests" time="1.241">
    <system-out><![CDATA[HTTP/1.1 200 OK
Date: Mon, 21 Aug 2023 09:38:12 GMT
Content-Type: application/json
Transfer-Encoding: chunked
Connection: keep-alive
Access-Control-Allow-Origin: *
Access-Control-Allow-Methods: GET, POST, DELETE, PUT
Access-Control-Allow-Headers: Content-Type, api_key, Authorization
Server: Jetty(9.2.9.v20150224)

{
    "id": 676089602,
    "username": "kiara.schiller",
    "firstName": "Dione",
    "email": "ricardo.okeefe@example.com",
    "password": "mgjplw7",
    "phone": "1-475-708-2870",
    "userStatus": 0
}
]]></system-out>
  </testcase>
  <testcase name="test_update_user" classname="api.test.UserTests" time="2.634">
    <system-out><![CDATA[HTTP/1.1 200 OK
Date: Mon, 21 Aug 2023 09:38:13 GMT
Content-Type: application/json
Transfer-Encoding: chunked
Connection: keep-alive
Access-Control-Allow-Origin: *
Access-Control-Allow-Methods: GET, POST, DELETE, PUT
Access-Control-Allow-Headers: Content-Type, api_key, Authorization
Server: Jetty(9.2.9.v20150224)

{
    "code": 200,
    "type": "unknown",
    "message": "676089602"
}
HTTP/1.1 200 OK
Date: Mon, 21 Aug 2023 09:38:15 GMT
Content-Type: application/json
Transfer-Encoding: chunked
Connection: keep-alive
Access-Control-Allow-Origin: *
Access-Control-Allow-Methods: GET, POST, DELETE, PUT
Access-Control-Allow-Headers: Content-Type, api_key, Authorization
Server: Jetty(9.2.9.v20150224)

{
    "id": 676089602,
    "username": "meri.bins",
    "firstName": "Anibal",
    "email": "tish.bailey@example.com",
    "password": "mgjplw7",
    "phone": "1-475-708-2870",
    "userStatus": 0
}
]]></system-out>
  </testcase>
  <testcase name="test_delete_user" classname="api.test.UserTests" time="1.329">
    <system-out><![CDATA[HTTP/1.1 200 OK
Date: Mon, 21 Aug 2023 09:38:16 GMT
Content-Type: application/json
Transfer-Encoding: chunked
Connection: keep-alive
Access-Control-Allow-Origin: *
Access-Control-Allow-Methods: GET, POST, DELETE, PUT
Access-Control-Allow-Headers: Content-Type, api_key, Authorization
Server: Jetty(9.2.9.v20150224)

{
    "id": 676089602,
    "username": "meri.bins",
    "firstName": "Anibal",
    "email": "tish.bailey@example.com",
    "password": "mgjplw7",
    "phone": "1-475-708-2870",
    "userStatus": 0
}
]]></system-out>
  </testcase>
</testsuite>