<?xml version="1.0" encoding="UTF-8"?>
<testng-results ignored="0" total="4" passed="4" failed="0" skipped="0">
  <reporter-output>
  </reporter-output>
  <suite started-at="2023-08-21T14:59:10 IST" name="Suite" finished-at="2023-08-21T14:59:20 IST" duration-ms="9525">
    <groups>
    </groups>
    <test started-at="2023-08-21T14:59:10 IST" name="Test" finished-at="2023-08-21T14:59:20 IST" duration-ms="9525">
      <class name="api.test.UserTests">
        <test-method is-config="true" signature="setupData()[pri:0, instance:api.test.UserTests@45099dd3]" started-at="2023-08-21T14:59:10 IST" name="setupData" finished-at="2023-08-21T14:59:11 IST" duration-ms="766" status="PASS">
          <reporter-output>
          </reporter-output>
        </test-method> <!-- setupData -->
        <test-method signature="test_post_user()[pri:1, instance:api.test.UserTests@45099dd3]" started-at="2023-08-21T14:59:11 IST" name="test_post_user" finished-at="2023-08-21T14:59:14 IST" duration-ms="3254" status="PASS">
          <reporter-output>
          </reporter-output>
        </test-method> <!-- test_post_user -->
        <test-method signature="test_get_user()[pri:2, instance:api.test.UserTests@45099dd3]" started-at="2023-08-21T14:59:14 IST" name="test_get_user" finished-at="2023-08-21T14:59:16 IST" duration-ms="1312" status="PASS">
          <reporter-output>
          </reporter-output>
        </test-method> <!-- test_get_user -->
        <test-method signature="test_update_user()[pri:3, instance:api.test.UserTests@45099dd3]" started-at="2023-08-21T14:59:16 IST" name="test_update_user" finished-at="2023-08-21T14:59:18 IST" duration-ms="2571" status="PASS">
          <reporter-output>
          </reporter-output>
        </test-method> <!-- test_update_user -->
        <test-method signature="test_delete_user()[pri:4, instance:api.test.UserTests@45099dd3]" started-at="2023-08-21T14:59:18 IST" name="test_delete_user" finished-at="2023-08-21T14:59:20 IST" duration-ms="1289" status="PASS">
          <reporter-output>
          </reporter-output>
        </test-method> <!-- test_delete_user -->
      </class> <!-- api.test.UserTests -->
    </test> <!-- Test -->
  </suite> <!-- Suite -->
</testng-results>
